[2016-11-29 13:58:08] slim-app.INFO: Old-User-Table:[{}] [] {"uid":"35ed8d4"}
[2016-11-29 13:58:08] slim-app.INFO: New-User-Table:[{"id":null,"username":"testbro","email":"testbro@broforce.de","name":"broman","familyname":"brohood","password":"$2y$10$bOyq6jtYph0Gr2GGGDL1ouGM6jhN83.CXumKiz3ZZwfx0XDVqQ6Oa","createdAt":"2016\/11\/29 13:58:08","updatedAt":null,"role":"user"},{"id":null,"username":"jo","email":"jo@bo.de","name":null,"familyname":null,"password":"$2y$10$Ky9KrREuObUy8K\/bVK0R8uVTda80ZGskcAOCX25h.YwZ3WtpSiL\/e","createdAt":"2016\/11\/29 13:58:08","updatedAt":null,"role":"user"}] [] {"uid":"35ed8d4"}
[2016-11-29 15:03:15] slim-app.INFO: Old-User-Table:[{},{}] [] {"uid":"20ac195"}
[2016-11-29 15:03:15] slim-app.INFO: New-User-Table:[{"id":null,"username":"testbro","email":"testbro@broforce.de","name":"broman","familyname":"brohood","password":"$2y$10$bOyq6jtYph0Gr2GGGDL1ouGM6jhN83.CXumKiz3ZZwfx0XDVqQ6Oa","createdAt":"2016\/11\/29 15:03:15","updatedAt":null,"role":"user"},{"id":null,"username":"jo","email":"jo@bo.de","name":null,"familyname":null,"password":"$2y$10$Ky9KrREuObUy8K\/bVK0R8uVTda80ZGskcAOCX25h.YwZ3WtpSiL\/e","createdAt":"2016\/11\/29 15:03:15","updatedAt":null,"role":"user"},{"id":null,"username":"hu","email":"Jonas.Johanns","name":null,"familyname":null,"password":"$2y$10$vaHwzHRhw0uf.346N6nam.uqabyfCPfuS0qVFlXYWYIPUtZaVlWdy","createdAt":"2016\/11\/29 15:03:15","updatedAt":null,"role":"user"}] [] {"uid":"20ac195"}
[2016-11-29 15:03:34] slim-app.INFO: Old-User-Table:[{},{},{}] [] {"uid":"315236f"}
[2016-11-29 15:03:34] slim-app.INFO: New-User-Table:[{"id":null,"username":"testbro","email":"testbro@broforce.de","name":"broman","familyname":"brohood","password":"$2y$10$bOyq6jtYph0Gr2GGGDL1ouGM6jhN83.CXumKiz3ZZwfx0XDVqQ6Oa","createdAt":"2016\/11\/29 15:03:34","updatedAt":null,"role":"user"},{"id":null,"username":"jo","email":"jo@bo.de","name":null,"familyname":null,"password":"$2y$10$Ky9KrREuObUy8K\/bVK0R8uVTda80ZGskcAOCX25h.YwZ3WtpSiL\/e","createdAt":"2016\/11\/29 15:03:34","updatedAt":null,"role":"user"},{"id":null,"username":"hu","email":"Jonas.Johanns","name":null,"familyname":null,"password":"$2y$10$vaHwzHRhw0uf.346N6nam.uqabyfCPfuS0qVFlXYWYIPUtZaVlWdy","createdAt":"2016\/11\/29 15:03:34","updatedAt":null,"role":"user"},{"id":null,"username":"hu","email":"asda","name":null,"familyname":null,"password":"$2y$10$HHKXolZxXZ5iSOn\/QuTfh..T3gvpFxzhH8D67xO9UwarDxSA.Znpm","createdAt":"2016\/11\/29 15:03:34","updatedAt":null,"role":"user"}] [] {"uid":"315236f"}
[2016-11-29 15:16:23] slim-app.INFO: Old-User-Table:[{},{},{},{}] [] {"uid":"f251ef5"}
[2016-11-29 15:16:23] slim-app.INFO: New-User-Table:[{"id":null,"username":"testbro","email":"testbro@broforce.de","name":"broman","familyname":"brohood","password":"$2y$10$bOyq6jtYph0Gr2GGGDL1ouGM6jhN83.CXumKiz3ZZwfx0XDVqQ6Oa","createdAt":"2016\/11\/29 15:16:23","updatedAt":null,"role":"user"},{"id":null,"username":"jo","email":"jo@bo.de","name":null,"familyname":null,"password":"$2y$10$Ky9KrREuObUy8K\/bVK0R8uVTda80ZGskcAOCX25h.YwZ3WtpSiL\/e","createdAt":"2016\/11\/29 15:16:23","updatedAt":null,"role":"user"},{"id":null,"username":"hu","email":"Jonas.Johanns","name":null,"familyname":null,"password":"$2y$10$vaHwzHRhw0uf.346N6nam.uqabyfCPfuS0qVFlXYWYIPUtZaVlWdy","createdAt":"2016\/11\/29 15:16:23","updatedAt":null,"role":"user"},{"id":null,"username":"hu","email":"asda","name":null,"familyname":null,"password":"$2y$10$HHKXolZxXZ5iSOn\/QuTfh..T3gvpFxzhH8D67xO9UwarDxSA.Znpm","createdAt":"2016\/11\/29 15:16:23","updatedAt":null,"role":"user"},{"id":null,"username":"s","email":"asd","name":null,"familyname":null,"password":"$2y$10$CTjLGGybMfhhiUZKj5N9IuubIjGBzccz6a.5Z91Y4pcu1od.goAqS","createdAt":"2016\/11\/29 15:16:23","updatedAt":null,"role":"user"}] [] {"uid":"f251ef5"}
[2016-11-29 15:19:26] slim-app.INFO: Old-User-Table:[{}] [] {"uid":"3ad1c5f"}
[2016-11-29 15:19:26] slim-app.INFO: New-User-Table:[{"id":null,"username":"testbro","email":"testbro@broforce.de","name":"broman","familyname":"brohood","password":"$2y$10$bOyq6jtYph0Gr2GGGDL1ouGM6jhN83.CXumKiz3ZZwfx0XDVqQ6Oa","createdAt":"2016\/11\/29 15:19:26","updatedAt":null,"role":"user"},{"id":null,"username":"testbroo","email":"testbro@broforce.dee","name":null,"familyname":null,"password":"$2y$10$bhwYr9B7vaVGtPFMc7idaejjM6KC.nmuo1J3\/gHEMC8aJHqBDhoBK","createdAt":"2016\/11\/29 15:19:26","updatedAt":null,"role":"user"}] [] {"uid":"3ad1c5f"}
[2016-11-29 15:44:14] slim-app.INFO: Old-User-Table:[{},{}] [] {"uid":"aa06985"}
[2016-11-29 15:44:14] slim-app.INFO: New-User-Table:[{"id":null,"username":"testbro","email":"testbro@broforce.de","name":"broman","familyname":"brohood","password":"$2y$10$bOyq6jtYph0Gr2GGGDL1ouGM6jhN83.CXumKiz3ZZwfx0XDVqQ6Oa","createdAt":"2016\/11\/29 15:44:14","updatedAt":null,"role":"user"},{"id":null,"username":"testbroo","email":"testbro@broforce.dee","name":null,"familyname":null,"password":"$2y$10$bhwYr9B7vaVGtPFMc7idaejjM6KC.nmuo1J3\/gHEMC8aJHqBDhoBK","createdAt":"2016\/11\/29 15:44:14","updatedAt":null,"role":"user"},{"id":null,"username":"test","email":"test@test.de","name":null,"familyname":null,"password":"$2y$10$qf9N9e3BMM9E3BlnWM4c8eS6u3\/ELv8LE9g3teK0QqFLV81GUYvv.","createdAt":"2016\/11\/29 15:44:14","updatedAt":null,"role":"user"}] [] {"uid":"aa06985"}
[2016-11-29 15:59:39] slim-app.INFO: Old-User-Table:[{},{}] [] {"uid":"5a7eada"}
[2016-11-29 15:59:39] slim-app.INFO: New-User-Table:[{"id":"1","username":"testbro","email":"testbro@broforce.de","name":"broman","familyname":"brohood","password":"$2y$10$bOyq6jtYph0Gr2GGGDL1ouGM6jhN83.CXumKiz3ZZwfx0XDVqQ6Oa","createdAt":"2016\/11\/29 15:59:39","updatedAt":null,"role":"user"},{"id":"2","username":"test","email":"test@test.de","name":null,"familyname":null,"password":"$2y$10$qf9N9e3BMM9E3BlnWM4c8eS6u3\/ELv8LE9g3teK0QqFLV81GUYvv.","createdAt":"2016\/11\/29 15:59:39","updatedAt":null,"role":"user"},{"id":"a6b340021678d4ac8e13debe994dcaa6","username":"bo","email":"bo@bo.de","name":null,"familyname":null,"password":"$2y$10$EFtUY4EJAUHArhzA\/BTto.OxkQOZdHtg4.EfTOKyle5Try6CszTw2","createdAt":"2016\/11\/29 15:59:39","updatedAt":null,"role":"user"}] [] {"uid":"5a7eada"}
[2016-11-29 16:50:54] slim-app.INFO: Old-User-Table:[{},{},{}] [] {"uid":"c214e09"}
[2016-11-29 16:50:54] slim-app.INFO: New-User-Table:[{"id":"1","username":"testbro","email":"testbro@broforce.de","name":"broman","familyname":"brohood","password":"$2y$10$bOyq6jtYph0Gr2GGGDL1ouGM6jhN83.CXumKiz3ZZwfx0XDVqQ6Oa","createdAt":"2016\/11\/29 16:50:54","updatedAt":null,"role":"user"},{"id":"2","username":"test","email":"test@test.de","name":null,"familyname":null,"password":"$2y$10$qf9N9e3BMM9E3BlnWM4c8eS6u3\/ELv8LE9g3teK0QqFLV81GUYvv.","createdAt":"2016\/11\/29 16:50:54","updatedAt":null,"role":"user"},{"id":"a6b340021678d4ac8e13debe994dcaa6","username":"bo","email":"bo@bo.de","name":null,"familyname":null,"password":"$2y$10$EFtUY4EJAUHArhzA\/BTto.OxkQOZdHtg4.EfTOKyle5Try6CszTw2","createdAt":"2016\/11\/29 16:50:54","updatedAt":null,"role":"user"},{"id":"6d4bb0912402e089fa1eb3184a1879ed","username":"jones","email":"jon@jon.de","name":null,"familyname":null,"password":"$2y$10$ix.wAvImRk9MK.EhI8tk0OuIAfpvhaD2cRAL4NP\/ZtMwTwGHtB8u.","createdAt":"2016\/11\/29 16:50:54","updatedAt":null,"role":"user"}] [] {"uid":"c214e09"}
[2016-11-29 16:53:35] slim-app.INFO: Old-User-Table:[{},{},{},{}] [] {"uid":"a55ded2"}
[2016-11-29 16:53:35] slim-app.INFO: New-User-Table:[{"id":"1","username":"testbro","email":"testbro@broforce.de","name":"broman","familyname":"brohood","password":"$2y$10$bOyq6jtYph0Gr2GGGDL1ouGM6jhN83.CXumKiz3ZZwfx0XDVqQ6Oa","createdAt":"2016\/11\/29 16:53:35","updatedAt":null,"role":"user"},{"id":"2","username":"test","email":"test@test.de","name":null,"familyname":null,"password":"$2y$10$qf9N9e3BMM9E3BlnWM4c8eS6u3\/ELv8LE9g3teK0QqFLV81GUYvv.","createdAt":"2016\/11\/29 16:53:35","updatedAt":null,"role":"user"},{"id":"a6b340021678d4ac8e13debe994dcaa6","username":"bo","email":"bo@bo.de","name":null,"familyname":null,"password":"$2y$10$EFtUY4EJAUHArhzA\/BTto.OxkQOZdHtg4.EfTOKyle5Try6CszTw2","createdAt":"2016\/11\/29 16:53:35","updatedAt":null,"role":"user"},{"id":"6d4bb0912402e089fa1eb3184a1879ed","username":"jones","email":"jon@jon.de","name":null,"familyname":null,"password":"$2y$10$ix.wAvImRk9MK.EhI8tk0OuIAfpvhaD2cRAL4NP\/ZtMwTwGHtB8u.","createdAt":"2016\/11\/29 16:53:35","updatedAt":null,"role":"user"},{"id":"1ca820911848b3a09a13247312acc60c","username":"hans","email":"hans@hans.de","name":null,"familyname":null,"password":"$2y$10$JG5y\/kSQUSIJNRRMJas9oO8AmTKtSVqefdiG.Q1kMVjM9tpEMQj9m","createdAt":"2016\/11\/29 16:53:35","updatedAt":null,"role":"user"}] [] {"uid":"a55ded2"}
[2016-11-29 16:56:29] slim-app.INFO: Old-User-Table:[{},{},{},{},{}] [] {"uid":"f06da4f"}
[2016-11-29 16:56:29] slim-app.INFO: New-User-Table:[{"id":"1","username":"testbro","email":"testbro@broforce.de","name":"broman","familyname":"brohood","password":"$2y$10$bOyq6jtYph0Gr2GGGDL1ouGM6jhN83.CXumKiz3ZZwfx0XDVqQ6Oa","createdAt":"2016\/11\/29 16:56:29","updatedAt":null,"role":"user"},{"id":"2","username":"test","email":"test@test.de","name":null,"familyname":null,"password":"$2y$10$qf9N9e3BMM9E3BlnWM4c8eS6u3\/ELv8LE9g3teK0QqFLV81GUYvv.","createdAt":"2016\/11\/29 16:56:29","updatedAt":null,"role":"user"},{"id":"a6b340021678d4ac8e13debe994dcaa6","username":"bo","email":"bo@bo.de","name":null,"familyname":null,"password":"$2y$10$EFtUY4EJAUHArhzA\/BTto.OxkQOZdHtg4.EfTOKyle5Try6CszTw2","createdAt":"2016\/11\/29 16:56:29","updatedAt":null,"role":"user"},{"id":"6d4bb0912402e089fa1eb3184a1879ed","username":"jones","email":"jon@jon.de","name":null,"familyname":null,"password":"$2y$10$ix.wAvImRk9MK.EhI8tk0OuIAfpvhaD2cRAL4NP\/ZtMwTwGHtB8u.","createdAt":"2016\/11\/29 16:56:29","updatedAt":null,"role":"user"},{"id":"1ca820911848b3a09a13247312acc60c","username":"hans","email":"hans@hans.de","name":null,"familyname":null,"password":"$2y$10$JG5y\/kSQUSIJNRRMJas9oO8AmTKtSVqefdiG.Q1kMVjM9tpEMQj9m","createdAt":"2016\/11\/29 16:56:29","updatedAt":null,"role":"user"},{"id":"d19e5446ae811c1ce622fc271aa9c9d7","username":"bobo","email":"bob","name":null,"familyname":null,"password":"$2y$10$Y9QDM7TBUKY.6IZMCaYQgOJss7FP4KhpOp0UyHpXhxR0dFFJVmxXe","createdAt":"2016\/11\/29 16:56:29","updatedAt":null,"role":"user"}] [] {"uid":"f06da4f"}
[2016-11-29 16:59:22] slim-app.INFO: Old-User-Table:[{},{},{},{},{},{}] [] {"uid":"5577464"}
[2016-11-29 16:59:22] slim-app.INFO: New-User-Table:[{"id":"1","username":"testbro","email":"testbro@broforce.de","name":"broman","familyname":"brohood","password":"$2y$10$bOyq6jtYph0Gr2GGGDL1ouGM6jhN83.CXumKiz3ZZwfx0XDVqQ6Oa","createdAt":"2016\/11\/29 16:59:22","updatedAt":null,"role":"user"},{"id":"2","username":"test","email":"test@test.de","name":null,"familyname":null,"password":"$2y$10$qf9N9e3BMM9E3BlnWM4c8eS6u3\/ELv8LE9g3teK0QqFLV81GUYvv.","createdAt":"2016\/11\/29 16:59:22","updatedAt":null,"role":"user"},{"id":"a6b340021678d4ac8e13debe994dcaa6","username":"bo","email":"bo@bo.de","name":null,"familyname":null,"password":"$2y$10$EFtUY4EJAUHArhzA\/BTto.OxkQOZdHtg4.EfTOKyle5Try6CszTw2","createdAt":"2016\/11\/29 16:59:22","updatedAt":null,"role":"user"},{"id":"6d4bb0912402e089fa1eb3184a1879ed","username":"jones","email":"jon@jon.de","name":null,"familyname":null,"password":"$2y$10$ix.wAvImRk9MK.EhI8tk0OuIAfpvhaD2cRAL4NP\/ZtMwTwGHtB8u.","createdAt":"2016\/11\/29 16:59:22","updatedAt":null,"role":"user"},{"id":"1ca820911848b3a09a13247312acc60c","username":"hans","email":"hans@hans.de","name":null,"familyname":null,"password":"$2y$10$JG5y\/kSQUSIJNRRMJas9oO8AmTKtSVqefdiG.Q1kMVjM9tpEMQj9m","createdAt":"2016\/11\/29 16:59:22","updatedAt":null,"role":"user"},{"id":"d19e5446ae811c1ce622fc271aa9c9d7","username":"bobo","email":"bob","name":null,"familyname":null,"password":"$2y$10$Y9QDM7TBUKY.6IZMCaYQgOJss7FP4KhpOp0UyHpXhxR0dFFJVmxXe","createdAt":"2016\/11\/29 16:59:22","updatedAt":null,"role":"user"},{"id":"6017f390192a5d3d061e937b514604a6","username":"tut","email":"tut","name":null,"familyname":null,"password":"$2y$10$6Mf8L.fMnnCJlc3WVP7ove7Frg0JPfPG8g8o\/3JeCj3vE4sCqlGWG","createdAt":"2016\/11\/29 16:59:22","updatedAt":null,"role":"user"}] [] {"uid":"5577464"}
[2016-11-30 16:37:25] slim-app.INFO: Collecting usertable from database user-db.json [] {"uid":"895e675"}
[2016-11-30 16:37:25] slim-app.INFO: Added new User: {"id":"5d7df2c4ed0744420605a786bbaa1e59","username":"bob","email":"bob@bob.de","name":"","familyname":"","password":"$2y$10$.E2Yasfl6cIAsVBiieATAuc90msorgLxVxhFP50IEkufdsXjJaQBm","created_at":"2016\/11\/30 16:37:25","updated_at":"2016\/11\/30 16:37:25","role":"user","verified":false} [] {"uid":"895e675"}
[2016-11-30 18:47:56] slim-app.INFO: Collecting usertable from database user-db.json [] {"uid":"9238325"}
[2016-11-30 18:48:06] slim-app.INFO: Collecting usertable from database user-db.json [] {"uid":"0a48020"}
[2016-11-30 18:48:11] slim-app.INFO: Collecting usertable from database user-db.json [] {"uid":"e7227cb"}
[2016-11-30 18:48:28] slim-app.INFO: Collecting usertable from database user-db.json [] {"uid":"8c5c7fe"}
[2016-11-30 18:48:29] slim-app.INFO: Collecting usertable from database user-db.json [] {"uid":"f45a335"}
[2016-11-30 18:48:32] slim-app.INFO: Collecting usertable from database user-db.json [] {"uid":"82b6efb"}
[2016-11-30 18:48:43] slim-app.INFO: Collecting usertable from database user-db.json [] {"uid":"4c5ca0c"}
[2016-11-30 18:48:44] slim-app.INFO: Collecting usertable from database user-db.json [] {"uid":"4e309cb"}
[2016-11-30 18:48:48] slim-app.INFO: Collecting usertable from database user-db.json [] {"uid":"f9c6232"}
[2016-11-30 18:48:54] slim-app.INFO: Collecting usertable from database user-db.json [] {"uid":"f024f27"}
[2016-11-30 18:50:00] slim-app.INFO: Collecting usertable from database user-db.json [] {"uid":"651283b"}
[2016-11-30 18:50:00] slim-app.INFO: Collecting usertable from database user-db.json [] {"uid":"651283b"}
[2016-11-30 18:50:33] slim-app.INFO: Collecting usertable from database user-db.json [] {"uid":"48adc16"}
[2016-11-30 18:50:33] slim-app.INFO: Collecting usertable from database user-db.json [] {"uid":"48adc16"}
[2016-11-30 18:50:33] slim-app.INFO: Collecting usertable from database user-db.json [] {"uid":"48adc16"}
[2016-11-30 18:50:47] slim-app.INFO: Collecting usertable from database user-db.json [] {"uid":"20f55b6"}
[2016-11-30 18:50:47] slim-app.INFO: Collecting usertable from database user-db.json [] {"uid":"20f55b6"}
[2016-11-30 18:51:08] slim-app.INFO: Collecting usertable from database user-db.json [] {"uid":"8cc7eac"}
[2016-11-30 18:51:08] slim-app.INFO: Collecting usertable from database user-db.json [] {"uid":"8cc7eac"}
[2016-11-30 18:51:16] slim-app.INFO: Collecting usertable from database user-db.json [] {"uid":"e92548b"}
[2016-11-30 18:51:16] slim-app.INFO: Collecting usertable from database user-db.json [] {"uid":"e92548b"}
[2016-11-30 18:51:16] slim-app.INFO: Collecting usertable from database user-db.json [] {"uid":"00ac983"}
[2016-11-30 18:51:54] slim-app.INFO: Collecting usertable from database user-db.json [] {"uid":"a983570"}
[2016-11-30 18:52:00] slim-app.INFO: Collecting usertable from database user-db.json [] {"uid":"0de04fd"}
[2016-11-30 18:52:00] slim-app.INFO: Collecting usertable from database user-db.json [] {"uid":"0de04fd"}
[2016-11-30 18:52:00] slim-app.INFO: Collecting usertable from database user-db.json [] {"uid":"eb11f88"}
[2016-11-30 18:52:08] slim-app.INFO: Collecting usertable from database user-db.json [] {"uid":"bbf40c2"}
[2016-11-30 18:52:08] slim-app.INFO: Collecting usertable from database user-db.json [] {"uid":"bbf40c2"}
[2016-11-30 18:52:08] slim-app.INFO: Collecting usertable from database user-db.json [] {"uid":"6f141fc"}
[2016-11-30 18:53:25] slim-app.INFO: Collecting usertable from database user-db.json [] {"uid":"9224e68"}
[2016-11-30 18:53:25] slim-app.INFO: Collecting usertable from database user-db.json [] {"uid":"9224e68"}
[2016-11-30 18:53:55] slim-app.INFO: Collecting usertable from database user-db.json [] {"uid":"cabec6f"}
[2016-11-30 18:53:55] slim-app.INFO: Collecting usertable from database user-db.json [] {"uid":"cabec6f"}
[2016-11-30 18:56:08] slim-app.INFO: Collecting usertable from database user-db.json [] {"uid":"5b83aea"}
[2016-11-30 18:56:59] slim-app.INFO: Collecting usertable from database user-db.json [] {"uid":"e79e38f"}
[2016-11-30 18:57:09] slim-app.INFO: Collecting usertable from database user-db.json [] {"uid":"d9f3adc"}
[2016-11-30 18:57:13] slim-app.INFO: Collecting usertable from database user-db.json [] {"uid":"ffdb483"}
[2016-11-30 18:57:26] slim-app.INFO: Collecting usertable from database user-db.json [] {"uid":"b1028ec"}
[2016-11-30 18:57:38] slim-app.INFO: Collecting usertable from database user-db.json [] {"uid":"0fbff3d"}
[2016-11-30 18:58:24] slim-app.INFO: Collecting usertable from database user-db.json [] {"uid":"135b8c8"}
[2016-11-30 18:58:44] slim-app.INFO: Collecting usertable from database user-db.json [] {"uid":"e5a3d20"}
[2016-11-30 18:58:44] slim-app.INFO: Collecting usertable from database user-db.json [] {"uid":"e5a3d20"}
[2016-11-30 18:58:44] slim-app.INFO: Collecting usertable from database user-db.json [] {"uid":"33c35fe"}
[2016-11-30 18:58:47] slim-app.INFO: Collecting usertable from database user-db.json [] {"uid":"a1dec58"}
[2016-11-30 18:58:47] slim-app.INFO: Collecting usertable from database user-db.json [] {"uid":"a1dec58"}
[2016-11-30 18:58:47] slim-app.INFO: Collecting usertable from database user-db.json [] {"uid":"4dfe851"}
[2016-11-30 18:59:01] slim-app.INFO: Collecting usertable from database user-db.json [] {"uid":"e8272e9"}
[2016-11-30 18:59:02] slim-app.INFO: Collecting usertable from database user-db.json [] {"uid":"ca502db"}
[2016-11-30 18:59:02] slim-app.INFO: Collecting usertable from database user-db.json [] {"uid":"ca502db"}
[2016-11-30 18:59:02] slim-app.INFO: Collecting usertable from database user-db.json [] {"uid":"b6a6974"}
[2016-11-30 18:59:10] slim-app.INFO: Collecting usertable from database user-db.json [] {"uid":"18c5952"}
[2016-11-30 18:59:38] slim-app.INFO: Collecting usertable from database user-db.json [] {"uid":"77e490a"}
[2016-11-30 19:00:58] slim-app.INFO: Collecting usertable from database user-db.json [] {"uid":"38a8124"}
[2016-11-30 19:00:58] slim-app.INFO: Collecting usertable from database user-db.json [] {"uid":"38a8124"}
[2016-11-30 19:01:05] slim-app.INFO: Collecting usertable from database user-db.json [] {"uid":"98be84c"}
[2016-11-30 19:01:08] slim-app.INFO: Collecting usertable from database user-db.json [] {"uid":"97dc785"}
[2016-11-30 19:01:08] slim-app.INFO: Collecting usertable from database user-db.json [] {"uid":"97dc785"}
[2016-11-30 19:01:08] slim-app.INFO: Collecting usertable from database user-db.json [] {"uid":"81481af"}
[2016-11-30 19:01:14] slim-app.INFO: Collecting usertable from database user-db.json [] {"uid":"275b56d"}
[2016-11-30 19:01:14] slim-app.INFO: Collecting usertable from database user-db.json [] {"uid":"275b56d"}
[2016-11-30 19:01:14] slim-app.INFO: Collecting usertable from database user-db.json [] {"uid":"61c30c5"}
[2016-11-30 19:03:36] slim-app.INFO: Collecting usertable from database user-db.json [] {"uid":"b7d6e8d"}
[2016-11-30 19:03:36] slim-app.INFO: Collecting usertable from database user-db.json [] {"uid":"b7d6e8d"}
[2016-11-30 19:03:44] slim-app.INFO: Collecting usertable from database user-db.json [] {"uid":"2c8a383"}
[2016-11-30 19:03:54] slim-app.INFO: Collecting usertable from database user-db.json [] {"uid":"ca66583"}
[2016-11-30 19:03:54] slim-app.INFO: Collecting usertable from database user-db.json [] {"uid":"ca66583"}
[2016-11-30 19:05:04] slim-app.INFO: Collecting usertable from database user-db.json [] {"uid":"e3f9f7c"}
[2016-11-30 19:05:09] slim-app.INFO: Collecting usertable from database user-db.json [] {"uid":"15b22c7"}
[2016-11-30 19:05:09] slim-app.INFO: Collecting usertable from database user-db.json [] {"uid":"15b22c7"}
[2016-11-30 19:05:10] slim-app.INFO: Collecting usertable from database user-db.json [] {"uid":"815dcf6"}
[2016-11-30 19:05:29] slim-app.INFO: Collecting usertable from database user-db.json [] {"uid":"63ba58c"}
[2016-11-30 19:05:30] slim-app.INFO: Collecting usertable from database user-db.json [] {"uid":"d71cfdc"}
[2016-11-30 19:05:32] slim-app.INFO: Collecting usertable from database user-db.json [] {"uid":"3e5bf0d"}
[2016-11-30 19:05:42] slim-app.INFO: Collecting usertable from database user-db.json [] {"uid":"f840f49"}
[2016-11-30 19:07:23] slim-app.INFO: Collecting usertable from database user-db.json [] {"uid":"5a176bb"}
[2016-11-30 19:07:23] slim-app.INFO: Collecting usertable from database user-db.json [] {"uid":"5a176bb"}
[2016-11-30 19:07:23] slim-app.INFO: Collecting usertable from database user-db.json [] {"uid":"70dcaab"}
[2016-11-30 19:09:26] slim-app.INFO: Collecting usertable from database user-db.json [] {"uid":"3fb2f54"}
[2016-11-30 19:09:26] slim-app.INFO: Collecting usertable from database user-db.json [] {"uid":"3fb2f54"}
[2016-11-30 19:09:26] slim-app.INFO: Collecting usertable from database user-db.json [] {"uid":"678c97b"}
[2016-11-30 19:09:30] slim-app.INFO: Collecting usertable from database user-db.json [] {"uid":"6d27013"}
[2016-11-30 19:09:33] slim-app.INFO: Collecting usertable from database user-db.json [] {"uid":"d8618ec"}
[2016-11-30 19:09:42] slim-app.INFO: Collecting usertable from database user-db.json [] {"uid":"e173722"}
[2016-11-30 19:10:13] slim-app.INFO: Collecting usertable from database user-db.json [] {"uid":"63aad4f"}
[2016-11-30 19:10:13] slim-app.INFO: Collecting usertable from database user-db.json [] {"uid":"3185afe"}
[2016-11-30 19:10:17] slim-app.INFO: Collecting usertable from database user-db.json [] {"uid":"951fe21"}
[2016-11-30 19:10:23] slim-app.INFO: Collecting usertable from database user-db.json [] {"uid":"24e22dd"}
[2016-11-30 19:10:23] slim-app.INFO: Collecting usertable from database user-db.json [] {"uid":"24e22dd"}
[2016-11-30 19:10:23] slim-app.INFO: Collecting usertable from database user-db.json [] {"uid":"0a75032"}
[2016-11-30 19:10:34] slim-app.INFO: Collecting usertable from database user-db.json [] {"uid":"93354f6"}
[2016-11-30 19:10:34] slim-app.INFO: Collecting usertable from database user-db.json [] {"uid":"93354f6"}
[2016-11-30 19:10:34] slim-app.INFO: Collecting usertable from database user-db.json [] {"uid":"93354f6"}
[2016-11-30 19:10:34] slim-app.INFO: Collecting usertable from database user-db.json [] {"uid":"2426935"}
[2016-11-30 19:10:42] slim-app.INFO: Collecting usertable from database user-db.json [] {"uid":"6926399"}
[2016-11-30 19:10:48] slim-app.INFO: Collecting usertable from database user-db.json [] {"uid":"53aa28b"}
[2016-11-30 19:10:59] slim-app.INFO: Collecting usertable from database user-db.json [] {"uid":"196c3f3"}
[2016-11-30 19:10:59] slim-app.INFO: Collecting usertable from database user-db.json [] {"uid":"e88d386"}
[2016-11-30 19:11:04] slim-app.INFO: Collecting usertable from database user-db.json [] {"uid":"96a102c"}
[2016-11-30 19:37:34] slim-app.INFO: Collecting usertable from database user-db.json [] {"uid":"addb38a"}
[2016-11-30 19:37:34] slim-app.INFO: Collecting usertable from database user-db.json [] {"uid":"addb38a"}
[2016-11-30 19:37:34] slim-app.INFO: Collecting usertable from database user-db.json [] {"uid":"fde9719"}
[2016-11-30 19:37:39] slim-app.INFO: Collecting usertable from database user-db.json [] {"uid":"a6b5b86"}
[2016-11-30 19:37:39] slim-app.INFO: Collecting usertable from database user-db.json [] {"uid":"a6b5b86"}
[2016-11-30 19:37:39] slim-app.INFO: Collecting usertable from database user-db.json [] {"uid":"0aa214a"}
[2016-11-30 19:40:47] slim-app.INFO: Collecting usertable from database user-db.json [] {"uid":"1e0700c"}
[2016-11-30 19:40:49] slim-app.INFO: Collecting usertable from database user-db.json [] {"uid":"faae276"}
[2016-11-30 19:41:20] slim-app.INFO: Collecting usertable from database user-db.json [] {"uid":"55a2818"}
[2016-11-30 19:41:20] slim-app.INFO: Collecting usertable from database user-db.json [] {"uid":"55a2818"}
[2016-11-30 19:41:20] slim-app.INFO: Collecting usertable from database user-db.json [] {"uid":"b1842b5"}
[2016-11-30 19:41:31] slim-app.INFO: Collecting usertable from database user-db.json [] {"uid":"f3c76a8"}
[2016-11-30 19:41:33] slim-app.INFO: Collecting usertable from database user-db.json [] {"uid":"db11040"}
[2016-11-30 19:41:34] slim-app.INFO: Collecting usertable from database user-db.json [] {"uid":"c474052"}
[2016-11-30 19:41:38] slim-app.INFO: Collecting usertable from database user-db.json [] {"uid":"647eff6"}
[2016-11-30 19:41:39] slim-app.INFO: Collecting usertable from database user-db.json [] {"uid":"3c14408"}
[2016-11-30 19:41:47] slim-app.INFO: Collecting usertable from database user-db.json [] {"uid":"28bf57b"}
[2016-11-30 19:41:47] slim-app.INFO: Collecting usertable from database user-db.json [] {"uid":"28bf57b"}
[2016-11-30 19:41:47] slim-app.INFO: Collecting usertable from database user-db.json [] {"uid":"84b1b26"}
[2016-11-30 19:41:54] slim-app.INFO: Collecting usertable from database user-db.json [] {"uid":"2471cda"}
[2016-11-30 19:41:54] slim-app.INFO: Collecting usertable from database user-db.json [] {"uid":"2471cda"}
[2016-11-30 19:41:54] slim-app.INFO: Collecting usertable from database user-db.json [] {"uid":"2471cda"}
[2016-11-30 19:41:54] slim-app.INFO: Collecting usertable from database user-db.json [] {"uid":"a80dead"}
[2016-11-30 19:42:03] slim-app.INFO: Collecting usertable from database user-db.json [] {"uid":"b27a511"}
[2016-11-30 19:42:03] slim-app.INFO: Collecting usertable from database user-db.json [] {"uid":"b27a511"}
[2016-11-30 19:42:03] slim-app.INFO: Collecting usertable from database user-db.json [] {"uid":"b27a511"}
[2016-11-30 19:42:03] slim-app.INFO: Collecting usertable from database user-db.json [] {"uid":"e197c42"}
[2016-11-30 19:42:06] slim-app.INFO: Collecting usertable from database user-db.json [] {"uid":"90d4611"}
[2016-11-30 19:42:06] slim-app.INFO: Collecting usertable from database user-db.json [] {"uid":"7c12a03"}
[2016-11-30 19:42:11] slim-app.INFO: Collecting usertable from database user-db.json [] {"uid":"be0f34b"}
[2016-11-30 19:42:11] slim-app.INFO: Collecting usertable from database user-db.json [] {"uid":"be0f34b"}
[2016-11-30 19:42:11] slim-app.INFO: Collecting usertable from database user-db.json [] {"uid":"be0f34b"}
[2016-11-30 19:42:11] slim-app.INFO: Collecting usertable from database user-db.json [] {"uid":"7e7778e"}
[2016-11-30 19:42:18] slim-app.INFO: Collecting usertable from database user-db.json [] {"uid":"1cea6b5"}
[2016-11-30 19:42:18] slim-app.INFO: Collecting usertable from database user-db.json [] {"uid":"1cea6b5"}
[2016-11-30 19:42:18] slim-app.INFO: Collecting usertable from database user-db.json [] {"uid":"2c9c86d"}
[2016-11-30 19:42:24] slim-app.INFO: Collecting usertable from database user-db.json [] {"uid":"d220c7a"}
[2016-11-30 20:01:45] slim-app.INFO: Collecting usertable from database user-db.json [] {"uid":"c1ac789"}
[2016-11-30 20:01:47] slim-app.INFO: Collecting usertable from database user-db.json [] {"uid":"5d9fa67"}
[2016-11-30 20:01:48] slim-app.INFO: Collecting usertable from database user-db.json [] {"uid":"fc5ba06"}
[2016-11-30 20:02:03] slim-app.INFO: Collecting usertable from database user-db.json [] {"uid":"dc9d614"}
[2016-11-30 20:02:22] slim-app.INFO: Collecting usertable from database user-db.json [] {"uid":"2c6b4a1"}
[2016-11-30 20:05:11] slim-app.INFO: Collecting usertable from database user-db.json [] {"uid":"3df184c"}
[2016-11-30 20:05:26] slim-app.INFO: Collecting usertable from database user-db.json [] {"uid":"c3614ee"}
[2016-11-30 20:05:57] slim-app.INFO: Collecting usertable from database user-db.json [] {"uid":"a4cce67"}
[2016-11-30 20:06:14] slim-app.INFO: Collecting usertable from database user-db.json [] {"uid":"12a30c6"}
[2016-11-30 20:06:51] slim-app.INFO: Collecting usertable from database user-db.json [] {"uid":"97906aa"}
[2016-11-30 20:08:26] slim-app.INFO: Collecting usertable from database user-db.json [] {"uid":"2a35dff"}
[2016-11-30 20:08:32] slim-app.INFO: Collecting usertable from database user-db.json [] {"uid":"622f246"}
[2016-11-30 20:08:35] slim-app.INFO: Collecting usertable from database user-db.json [] {"uid":"be9fd28"}
[2016-11-30 20:08:42] slim-app.INFO: Collecting usertable from database user-db.json [] {"uid":"8139cee"}
[2016-11-30 20:08:43] slim-app.INFO: Collecting usertable from database user-db.json [] {"uid":"8139cee"}
[2016-12-01 13:09:52] slim-app.INFO: Collecting usertable from database user-db.json [] {"uid":"a22c8a3"}
[2016-12-01 13:09:52] slim-app.INFO: Collecting usertable from database user-db.json [] {"uid":"21d94c5"}
[2016-12-01 13:09:59] slim-app.INFO: Collecting usertable from database user-db.json [] {"uid":"ebd9a04"}
[2016-12-01 13:10:06] slim-app.INFO: Collecting usertable from database user-db.json [] {"uid":"4969f52"}
[2016-12-01 13:10:06] slim-app.INFO: Collecting usertable from database user-db.json [] {"uid":"cdeb0aa"}
[2016-12-01 13:10:21] slim-app.INFO: Collecting usertable from database user-db.json [] {"uid":"5c8e77d"}
[2016-12-01 13:10:21] slim-app.INFO: Collecting usertable from database user-db.json [] {"uid":"5c8e77d"}
[2016-12-01 13:10:22] slim-app.INFO: Collecting usertable from database user-db.json [] {"uid":"5c8e77d"}
[2016-12-01 13:10:22] slim-app.INFO: Collecting usertable from database user-db.json [] {"uid":"fcc4c00"}
[2016-12-01 13:10:31] slim-app.INFO: Collecting usertable from database user-db.json [] {"uid":"37b54d0"}
[2016-12-01 13:10:39] slim-app.INFO: Collecting usertable from database user-db.json [] {"uid":"edd1b44"}
[2016-12-01 13:10:45] slim-app.INFO: Collecting usertable from database user-db.json [] {"uid":"b3147e3"}
[2016-12-01 13:23:25] slim-app.INFO: Collecting usertable from database user-db.json [] {"uid":"e74c87d"}
[2016-12-01 13:23:25] slim-app.INFO: Collecting usertable from database user-db.json [] {"uid":"b48388f"}
[2016-12-01 13:24:40] slim-app.INFO: Collecting usertable from database user-db.json [] {"uid":"e7f7837"}
[2016-12-01 14:03:29] slim-app.INFO: Collecting usertable from database user-db.json [] {"uid":"785fd7b"}
[2016-12-01 14:03:29] slim-app.INFO: Collecting usertable from database user-db.json [] {"uid":"9181e2e"}
[2016-12-01 14:04:24] slim-app.INFO: Collecting usertable from database user-db.json [] {"uid":"5a5a284"}
[2016-12-01 14:04:31] slim-app.INFO: Collecting usertable from database user-db.json [] {"uid":"370e2b5"}
[2016-12-01 14:04:36] slim-app.INFO: Collecting usertable from database user-db.json [] {"uid":"8798073"}
[2016-12-01 14:04:36] slim-app.INFO: Collecting usertable from database user-db.json [] {"uid":"080bed9"}
[2016-12-01 14:05:24] slim-app.INFO: Collecting usertable from database user-db.json [] {"uid":"850e0c4"}
[2016-12-01 14:07:49] slim-app.INFO: Collecting usertable from database user-db.json [] {"uid":"53f8099"}
[2016-12-01 14:07:49] slim-app.INFO: Collecting usertable from database user-db.json [] {"uid":"d690fcb"}
[2016-12-01 14:08:19] slim-app.INFO: Collecting usertable from database user-db.json [] {"uid":"960cf72"}
[2016-12-01 14:09:56] slim-app.INFO: Collecting usertable from database user-db.json [] {"uid":"595f96d"}
[2016-12-01 14:09:56] slim-app.INFO: Collecting usertable from database user-db.json [] {"uid":"595f96d"}
[2016-12-01 14:09:56] slim-app.INFO: Collecting usertable from database user-db.json [] {"uid":"595f96d"}
[2016-12-01 14:09:56] slim-app.INFO: Added new User: {"id":"00a1fd2f9e3f33077ecfd67a4c79cb85","username":"Ralle","email":"ralle@me.com","name":"","familyname":"","password":"$2y$10$jbWjXDec2VcWRvQiXYFq1.m\/RC3GqJYBG5NhEXOmnQSm1PQM4xpGq","created_at":"2016\/12\/01 14:09:56","updated_at":"2016\/12\/01 14:09:56","role":"user","verified":false} [] {"uid":"595f96d"}
[2016-12-01 14:09:56] slim-app.INFO: Collecting usertable from database user-db.json [] {"uid":"595f96d"}
[2016-12-01 14:09:56] slim-app.INFO: Collecting usertable from database user-db.json [] {"uid":"99315bb"}
[2016-12-01 14:10:07] slim-app.INFO: Collecting usertable from database user-db.json [] {"uid":"e864d2e"}
